0 info it worked if it ends with ok
1 verbose cli [ '/usr/bin/node', '/usr/bin/npm', 'start' ]
2 info using npm@3.10.10
3 info using node@v6.10.3
4 verbose run-script [ 'prestart', 'start', 'poststart' ]
5 info lifecycle jobsapp@0.0.0~prestart: jobsapp@0.0.0
6 silly lifecycle jobsapp@0.0.0~prestart: no script for prestart, continuing
7 info lifecycle jobsapp@0.0.0~start: jobsapp@0.0.0
8 verbose lifecycle jobsapp@0.0.0~start: unsafe-perm in lifecycle true
9 verbose lifecycle jobsapp@0.0.0~start: PATH: /usr/lib/node_modules/npm/bin/node-gyp-bin:/home/wophoon/Documents/tech/demo/jobsapp/node_modules/.bin:/home/wophoon/Documents/tech/ethereum/workspace/geth/geth-linux-amd64-1.6.7-ab5646c5:/home/wophoon/Downloads/oc-clients:/home/wophoon/apache-maven-3.3.9/bin:/home/wophoon/Documents/tech/node-v6.11.1-linux-x64/bin:/home/wophoon/Documents/tech/minishift:/usr/lib64/qt-3.3/bin:/usr/local/bin:/usr/local/sbin:/usr/bin:/usr/sbin:/bin:/sbin:/home/wophoon/.rvm/bin:/home/wophoon/.rvm/bin:/home/wophoon/.local/bin:/home/wophoon/bin:/home/wophoon/Documents/tech:/home/wophoon/.rvm/bin
10 verbose lifecycle jobsapp@0.0.0~start: CWD: /home/wophoon/Documents/tech/demo/jobsapp
11 silly lifecycle jobsapp@0.0.0~start: Args: [ '-c', 'node ./bin/www' ]
12 silly lifecycle jobsapp@0.0.0~start: Returned: code: 1  signal: null
13 info lifecycle jobsapp@0.0.0~start: Failed to exec start script
14 verbose stack Error: jobsapp@0.0.0 start: `node ./bin/www`
14 verbose stack Exit status 1
14 verbose stack     at EventEmitter.<anonymous> (/usr/lib/node_modules/npm/lib/utils/lifecycle.js:255:16)
14 verbose stack     at emitTwo (events.js:106:13)
14 verbose stack     at EventEmitter.emit (events.js:191:7)
14 verbose stack     at ChildProcess.<anonymous> (/usr/lib/node_modules/npm/lib/utils/spawn.js:40:14)
14 verbose stack     at emitTwo (events.js:106:13)
14 verbose stack     at ChildProcess.emit (events.js:191:7)
14 verbose stack     at maybeClose (internal/child_process.js:886:16)
14 verbose stack     at Process.ChildProcess._handle.onexit (internal/child_process.js:226:5)
15 verbose pkgid jobsapp@0.0.0
16 verbose cwd /home/wophoon/Documents/tech/demo/jobsapp
17 error Linux 3.10.0-693.11.6.el7.x86_64
18 error argv "/usr/bin/node" "/usr/bin/npm" "start"
19 error node v6.10.3
20 error npm  v3.10.10
21 error code ELIFECYCLE
22 error jobsapp@0.0.0 start: `node ./bin/www`
22 error Exit status 1
23 error Failed at the jobsapp@0.0.0 start script 'node ./bin/www'.
23 error Make sure you have the latest version of node.js and npm installed.
23 error If you do, this is most likely a problem with the jobsapp package,
23 error not with npm itself.
23 error Tell the author that this fails on your system:
23 error     node ./bin/www
23 error You can get information on how to open an issue for this project with:
23 error     npm bugs jobsapp
23 error Or if that isn't available, you can get their info via:
23 error     npm owner ls jobsapp
23 error There is likely additional logging output above.
24 verbose exit [ 1, true ]
